<?xml version="1.0" encoding="UTF-8"?>
<!-- Generated by org.testng.reporters.JUnitReportReporter -->
<testsuite hostname="hp-PC" name="zoho.CRMAutomationFramework.Testcases.LoginTest" tests="1" failures="0" timestamp="25 Mar 2018 18:28:22 GMT" time="14.296" errors="0">
  <testcase name="zohoCRMLogin" time="14.296" classname="zoho.CRMAutomationFramework.Testcases.LoginTest"/>
</testsuite> <!-- zoho.CRMAutomationFramework.Testcases.LoginTest -->
