<?xml version="1.0" encoding="UTF-8"?>
<!-- Generated by org.testng.reporters.JUnitReportReporter -->
<testsuite hostname="hp-PC" name="zoho.CRMAutomationFramework.AppTest" tests="1" failures="0" timestamp="25 Mar 2018 14:35:30 GMT" time="0.002" errors="0">
  <testcase name="testApp" time="0.002" classname="zoho.CRMAutomationFramework.AppTest"/>
</testsuite> <!-- zoho.CRMAutomationFramework.AppTest -->
